15.1649 	WARNING 	We strongly recommend you activate the PTB sound engine in PsychoPy prefs as the preferred audio engine. Its timing is vastly superior. Your prefs are currently set to use ['sounddevice', 'PTB', 'pyo', 'pygame'] (in that order).
37.1065 	WARNING 	User requested fullscreen with size [1024  768], but screen is actually [1920, 1080]. Using actual size
40.1744 	EXP 	Created window1 = Window(allowGUI=True, allowStencil=False, autoLog=True, backendConf=UNKNOWN, bitsMode=UNKNOWN, blendMode='avg', bpc=(8, 8, 8), color=array([0, 0, 0]), colorSpace='rgb', depthBits=8, fullscr=<method-wrapper '__getattribute__' of attributeSetter object at 0x000001D522FF8EB0>, gamma=None, gammaErrorPolicy='raise', lms=UNKNOWN, monitor=<psychopy.monitors.calibTools.Monitor object at 0x000001D523429A60>, multiSample=False, name='window1', numSamples=2, pos=(0, 0), screen=0, size=array([1920, 1080]), stencilBits=0, stereo=False, units='height', useFBO=True, useRetina=False, viewOri=0.0, viewPos=None, viewScale=None, waitBlanking=True, winType='pyglet')
40.1745 	EXP 	window1: mouseVisible = True
40.1747 	EXP 	window1: mouseVisible = False
40.1747 	EXP 	window1: Attempting to measure frame rate of screen (0) ...
40.1747 	EXP 	window1: recordFrameIntervals = False
40.3399 	EXP 	window1: recordFrameIntervals = True
40.5235 	EXP 	Screen (0) actual frame rate measured at 60.00Hz
40.5236 	EXP 	window1: recordFrameIntervals = False
43.9588 	EXP 	Created fixation = ShapeStim(__class__=<class 'psychopy.visual.shape.ShapeStim'>, anchor=('center', 'center'), autoDraw=False, autoLog=True, closeShape=True, color=method-wrapper(...), colorSpace='rgb', contrast=None, depth=-1.0, fillColor=array([1, 1, 1]), fillColorSpace='rgb', fillRGB=array([1, 1, 1]), interpolate=True, lineColor=array([1., 1., 1.]), lineColorSpace='rgb', lineRGB=array([1, 1, 1]), lineWidth=1.0, name='fixation', opacity=1.0, ori=0.0, pos=array([0., 0.]), size=array([10., 10.]), units='pix', vertices=ndarray(...), win=Window(...), windingRule=None)
43.9997 	EXP 	Created grating = GratingStim(__class__=<class 'psychopy.visual.grating.GratingStim'>, anchor='center', autoDraw=False, autoLog=True, blendmode='avg', color=array([1., 1., 1.]), colorSpace='rgb', contrast=1.0, depth=-2.0, interpolate=True, mask='circle', maskParams=None, name='grating', opacity=1.0, ori=0.0, phase=array([0., 0.]), pos=array([0., 0.]), rgbPedestal=array([0., 0., 0.]), sf=array([5., 5.]), size=array([0.1, 0.1]), tex='sin', texRes=128.0, units='height', win=Window(...))
44.0211 	EXP 	Imported conditions.xlsx as conditions, 1 conditions, 5 params
44.4379 	EXP 	window1: recordFrameIntervals = False
44.4486 	DATA 	Keypress: down
44.4488 	DATA 	Keypress: right
44.4579 	EXP 	fixation: autoDraw = True
44.4581 	EXP 	window1: recordFrameIntervals = False
45.4585 	EXP 	fixation: autoDraw = False
46.0714 	EXP 	grating: autoDraw = True
46.0714 	EXP 	grating: tex = 'sin'
46.3755 	EXP 	grating: autoDraw = False
46.4949 	DATA 	Keypress: left
46.5112 	EXP 	window1: recordFrameIntervals = False
46.5259 	EXP 	fixation: autoDraw = False
46.5259 	EXP 	grating: autoDraw = False
46.5259 	EXP 	fixation: autoDraw = True
46.5262 	EXP 	window1: recordFrameIntervals = False
47.5260 	EXP 	fixation: autoDraw = False
48.5099 	EXP 	grating: autoDraw = True
48.5099 	EXP 	grating: tex = 'sin'
48.8098 	EXP 	grating: autoDraw = False
48.8949 	EXP 	window1: recordFrameIntervals = False
48.8984 	DATA 	Keypress: left
48.9100 	EXP 	fixation: autoDraw = False
48.9100 	EXP 	grating: autoDraw = False
48.9100 	EXP 	fixation: autoDraw = True
48.9103 	EXP 	window1: recordFrameIntervals = False
49.9101 	EXP 	fixation: autoDraw = False
50.8941 	EXP 	grating: autoDraw = True
50.8941 	EXP 	grating: tex = 'sin'
51.1938 	EXP 	grating: autoDraw = False
51.2806 	EXP 	window1: recordFrameIntervals = False
51.2845 	DATA 	Keypress: right
51.2943 	EXP 	fixation: autoDraw = False
51.2943 	EXP 	grating: autoDraw = False
51.2943 	EXP 	fixation: autoDraw = True
51.2945 	EXP 	window1: recordFrameIntervals = False
52.2947 	EXP 	fixation: autoDraw = False
53.2783 	EXP 	grating: autoDraw = True
53.2783 	EXP 	grating: tex = 'sin'
53.5787 	EXP 	grating: autoDraw = False
54.0476 	EXP 	window1: recordFrameIntervals = False
54.0502 	DATA 	Keypress: right
54.0623 	EXP 	fixation: autoDraw = False
54.0623 	EXP 	grating: autoDraw = False
54.0623 	EXP 	fixation: autoDraw = True
54.0625 	EXP 	window1: recordFrameIntervals = False
55.0620 	EXP 	fixation: autoDraw = False
56.0464 	EXP 	grating: autoDraw = True
56.0464 	EXP 	grating: tex = 'sin'
56.3464 	EXP 	grating: autoDraw = False
56.4315 	EXP 	window1: recordFrameIntervals = False
56.4340 	DATA 	Keypress: left
56.4460 	EXP 	fixation: autoDraw = False
56.4460 	EXP 	grating: autoDraw = False
56.4460 	EXP 	fixation: autoDraw = True
56.4462 	EXP 	window1: recordFrameIntervals = False
57.4465 	EXP 	fixation: autoDraw = False
58.4302 	EXP 	grating: autoDraw = True
58.4302 	EXP 	grating: tex = 'sin'
58.7302 	EXP 	grating: autoDraw = False
58.8834 	EXP 	window1: recordFrameIntervals = False
58.8865 	DATA 	Keypress: left
58.8973 	EXP 	fixation: autoDraw = False
58.8973 	EXP 	grating: autoDraw = False
58.8973 	EXP 	fixation: autoDraw = True
58.8975 	EXP 	window1: recordFrameIntervals = False
59.8972 	EXP 	fixation: autoDraw = False
60.8981 	EXP 	grating: autoDraw = True
60.8981 	EXP 	grating: tex = 'sin'
61.1978 	EXP 	grating: autoDraw = False
61.2668 	EXP 	window1: recordFrameIntervals = False
61.2693 	DATA 	Keypress: left
61.2814 	EXP 	fixation: autoDraw = False
61.2814 	EXP 	grating: autoDraw = False
61.2814 	EXP 	fixation: autoDraw = True
61.2816 	EXP 	window1: recordFrameIntervals = False
62.2815 	EXP 	fixation: autoDraw = False
63.2655 	EXP 	grating: autoDraw = True
63.2655 	EXP 	grating: tex = 'sin'
63.5653 	EXP 	grating: autoDraw = False
63.7017 	EXP 	window1: recordFrameIntervals = False
63.7042 	DATA 	Keypress: left
63.7158 	EXP 	fixation: autoDraw = False
63.7158 	EXP 	grating: autoDraw = False
63.7158 	EXP 	fixation: autoDraw = True
63.7160 	EXP 	window1: recordFrameIntervals = False
64.7158 	EXP 	fixation: autoDraw = False
65.7164 	EXP 	grating: autoDraw = True
65.7164 	EXP 	grating: tex = 'sin'
66.0166 	EXP 	grating: autoDraw = False
66.1018 	EXP 	window1: recordFrameIntervals = False
66.1043 	DATA 	Keypress: right
66.1164 	EXP 	fixation: autoDraw = False
66.1164 	EXP 	grating: autoDraw = False
66.1164 	EXP 	fixation: autoDraw = True
66.1166 	EXP 	window1: recordFrameIntervals = False
67.1165 	EXP 	fixation: autoDraw = False
68.1007 	EXP 	grating: autoDraw = True
68.1007 	EXP 	grating: tex = 'sin'
68.4006 	EXP 	grating: autoDraw = False
68.4364 	EXP 	window1: recordFrameIntervals = False
68.4389 	DATA 	Keypress: left
68.4506 	EXP 	fixation: autoDraw = False
68.4506 	EXP 	grating: autoDraw = False
68.4506 	EXP 	fixation: autoDraw = True
68.4508 	EXP 	window1: recordFrameIntervals = False
69.4510 	EXP 	fixation: autoDraw = False
70.4352 	EXP 	grating: autoDraw = True
70.4352 	EXP 	grating: tex = 'sin'
70.7349 	EXP 	grating: autoDraw = False
70.7705 	EXP 	window1: recordFrameIntervals = False
70.7730 	DATA 	Keypress: left
70.7849 	EXP 	fixation: autoDraw = False
70.7849 	EXP 	grating: autoDraw = False
70.7849 	EXP 	fixation: autoDraw = True
70.7851 	EXP 	window1: recordFrameIntervals = False
71.7850 	EXP 	fixation: autoDraw = False
72.7692 	EXP 	grating: autoDraw = True
72.7692 	EXP 	grating: tex = 'sin'
73.0690 	EXP 	grating: autoDraw = False
73.2389 	EXP 	window1: recordFrameIntervals = False
73.2425 	DATA 	Keypress: right
73.2529 	EXP 	fixation: autoDraw = False
73.2529 	EXP 	grating: autoDraw = False
73.2529 	EXP 	fixation: autoDraw = True
73.2532 	EXP 	window1: recordFrameIntervals = False
74.2528 	EXP 	fixation: autoDraw = False
75.2539 	EXP 	grating: autoDraw = True
75.2539 	EXP 	grating: tex = 'sin'
75.5533 	EXP 	grating: autoDraw = False
75.6392 	EXP 	window1: recordFrameIntervals = False
75.6416 	DATA 	Keypress: right
75.6535 	EXP 	fixation: autoDraw = False
75.6535 	EXP 	grating: autoDraw = False
75.6535 	EXP 	fixation: autoDraw = True
75.6537 	EXP 	window1: recordFrameIntervals = False
76.6536 	EXP 	fixation: autoDraw = False
77.6379 	EXP 	grating: autoDraw = True
77.6379 	EXP 	grating: tex = 'sin'
77.9375 	EXP 	grating: autoDraw = False
78.0401 	EXP 	window1: recordFrameIntervals = False
78.0426 	DATA 	Keypress: left
78.0544 	EXP 	fixation: autoDraw = False
78.0544 	EXP 	grating: autoDraw = False
78.0544 	EXP 	fixation: autoDraw = True
78.0547 	EXP 	window1: recordFrameIntervals = False
79.0546 	EXP 	fixation: autoDraw = False
80.0386 	EXP 	grating: autoDraw = True
80.0386 	EXP 	grating: tex = 'sin'
80.3387 	EXP 	grating: autoDraw = False
80.4573 	EXP 	window1: recordFrameIntervals = False
80.4599 	DATA 	Keypress: right
80.4721 	EXP 	fixation: autoDraw = False
80.4721 	EXP 	grating: autoDraw = False
80.4721 	EXP 	fixation: autoDraw = True
80.4724 	EXP 	window1: recordFrameIntervals = False
81.4721 	EXP 	fixation: autoDraw = False
82.4560 	EXP 	grating: autoDraw = True
82.4560 	EXP 	grating: tex = 'sin'
82.7561 	EXP 	grating: autoDraw = False
82.7750 	EXP 	window1: recordFrameIntervals = False
82.7775 	DATA 	Keypress: left
82.7896 	EXP 	fixation: autoDraw = False
82.7896 	EXP 	grating: autoDraw = False
82.7896 	EXP 	fixation: autoDraw = True
82.7898 	EXP 	window1: recordFrameIntervals = False
83.7897 	EXP 	fixation: autoDraw = False
84.7737 	EXP 	grating: autoDraw = True
84.7737 	EXP 	grating: tex = 'sin'
85.0737 	EXP 	grating: autoDraw = False
85.1258 	EXP 	window1: recordFrameIntervals = False
85.1283 	DATA 	Keypress: left
85.1405 	EXP 	fixation: autoDraw = False
85.1405 	EXP 	grating: autoDraw = False
85.1405 	EXP 	fixation: autoDraw = True
85.1407 	EXP 	window1: recordFrameIntervals = False
86.1406 	EXP 	fixation: autoDraw = False
87.1247 	EXP 	grating: autoDraw = True
87.1247 	EXP 	grating: tex = 'sin'
87.4249 	EXP 	grating: autoDraw = False
87.4433 	EXP 	window1: recordFrameIntervals = False
87.4464 	DATA 	Keypress: right
87.4583 	EXP 	fixation: autoDraw = False
87.4583 	EXP 	grating: autoDraw = False
87.4583 	EXP 	fixation: autoDraw = True
87.4585 	EXP 	window1: recordFrameIntervals = False
88.4579 	EXP 	fixation: autoDraw = False
89.4424 	EXP 	grating: autoDraw = True
89.4424 	EXP 	grating: tex = 'sin'
89.7423 	EXP 	grating: autoDraw = False
89.8279 	EXP 	window1: recordFrameIntervals = False
89.8304 	DATA 	Keypress: right
89.8424 	EXP 	fixation: autoDraw = False
89.8424 	EXP 	grating: autoDraw = False
89.8424 	EXP 	fixation: autoDraw = True
89.8426 	EXP 	window1: recordFrameIntervals = False
90.8423 	EXP 	fixation: autoDraw = False
91.8264 	EXP 	grating: autoDraw = True
91.8264 	EXP 	grating: tex = 'sin'
92.1262 	EXP 	grating: autoDraw = False
92.3288 	EXP 	window1: recordFrameIntervals = False
92.3314 	DATA 	Keypress: left
92.3434 	EXP 	fixation: autoDraw = False
92.3434 	EXP 	grating: autoDraw = False
92.3434 	EXP 	fixation: autoDraw = True
92.3437 	EXP 	window1: recordFrameIntervals = False
93.3432 	EXP 	fixation: autoDraw = False
94.3272 	EXP 	grating: autoDraw = True
94.3272 	EXP 	grating: tex = 'sin'
94.6272 	EXP 	grating: autoDraw = False
94.7466 	EXP 	window1: recordFrameIntervals = False
94.7507 	DATA 	Keypress: left
94.7609 	EXP 	fixation: autoDraw = False
94.7609 	EXP 	grating: autoDraw = False
94.7609 	EXP 	fixation: autoDraw = True
94.7613 	EXP 	window1: recordFrameIntervals = False
95.7609 	EXP 	fixation: autoDraw = False
96.7450 	EXP 	grating: autoDraw = True
96.7450 	EXP 	grating: tex = 'sin'
97.0449 	EXP 	grating: autoDraw = False
97.0807 	EXP 	window1: recordFrameIntervals = False
97.0833 	DATA 	Keypress: left
97.0951 	EXP 	fixation: autoDraw = False
97.0951 	EXP 	grating: autoDraw = False
97.0951 	EXP 	fixation: autoDraw = True
97.0953 	EXP 	window1: recordFrameIntervals = False
98.0951 	EXP 	fixation: autoDraw = False
99.0958 	EXP 	grating: autoDraw = True
99.0958 	EXP 	grating: tex = 'sin'
99.3957 	EXP 	grating: autoDraw = False
99.4313 	EXP 	window1: recordFrameIntervals = False
99.4344 	DATA 	Keypress: right
99.4459 	EXP 	fixation: autoDraw = False
99.4459 	EXP 	grating: autoDraw = False
99.4459 	EXP 	fixation: autoDraw = True
99.4461 	EXP 	window1: recordFrameIntervals = False
100.4462 	EXP 	fixation: autoDraw = False
101.4300 	EXP 	grating: autoDraw = True
101.4300 	EXP 	grating: tex = 'sin'
101.7299 	EXP 	grating: autoDraw = False
101.8491 	EXP 	window1: recordFrameIntervals = False
101.8517 	DATA 	Keypress: right
101.8635 	EXP 	fixation: autoDraw = False
101.8635 	EXP 	grating: autoDraw = False
101.8635 	EXP 	fixation: autoDraw = True
101.8637 	EXP 	window1: recordFrameIntervals = False
102.8637 	EXP 	fixation: autoDraw = False
103.8480 	EXP 	grating: autoDraw = True
103.8480 	EXP 	grating: tex = 'sin'
104.1475 	EXP 	grating: autoDraw = False
104.4165 	EXP 	window1: recordFrameIntervals = False
104.4190 	DATA 	Keypress: right
104.4310 	EXP 	fixation: autoDraw = False
104.4310 	EXP 	grating: autoDraw = False
104.4310 	EXP 	fixation: autoDraw = True
104.4313 	EXP 	window1: recordFrameIntervals = False
105.4314 	EXP 	fixation: autoDraw = False
106.4151 	EXP 	grating: autoDraw = True
106.4151 	EXP 	grating: tex = 'sin'
106.7153 	EXP 	grating: autoDraw = False
106.8178 	EXP 	window1: recordFrameIntervals = False
106.8204 	DATA 	Keypress: right
106.8321 	EXP 	fixation: autoDraw = False
106.8321 	EXP 	grating: autoDraw = False
106.8321 	EXP 	fixation: autoDraw = True
106.8323 	EXP 	window1: recordFrameIntervals = False
107.8321 	EXP 	fixation: autoDraw = False
108.8165 	EXP 	grating: autoDraw = True
108.8165 	EXP 	grating: tex = 'sin'
109.1161 	EXP 	grating: autoDraw = False
109.3517 	EXP 	window1: recordFrameIntervals = False
109.3543 	DATA 	Keypress: right
109.3664 	EXP 	fixation: autoDraw = False
109.3664 	EXP 	grating: autoDraw = False
109.3664 	EXP 	fixation: autoDraw = True
109.3666 	EXP 	window1: recordFrameIntervals = False
110.3665 	EXP 	fixation: autoDraw = False
111.3505 	EXP 	grating: autoDraw = True
111.3505 	EXP 	grating: tex = 'sin'
111.6508 	EXP 	grating: autoDraw = False
111.8195 	EXP 	window1: recordFrameIntervals = False
111.8220 	DATA 	Keypress: left
111.8343 	EXP 	fixation: autoDraw = False
111.8343 	EXP 	grating: autoDraw = False
111.8343 	EXP 	fixation: autoDraw = True
111.8346 	EXP 	window1: recordFrameIntervals = False
112.8339 	EXP 	fixation: autoDraw = False
113.8184 	EXP 	grating: autoDraw = True
113.8184 	EXP 	grating: tex = 'sin'
114.1180 	EXP 	grating: autoDraw = False
114.2542 	EXP 	window1: recordFrameIntervals = False
114.2567 	DATA 	Keypress: left
114.2685 	EXP 	fixation: autoDraw = False
114.2685 	EXP 	grating: autoDraw = False
114.2685 	EXP 	fixation: autoDraw = True
114.2688 	EXP 	window1: recordFrameIntervals = False
115.2683 	EXP 	fixation: autoDraw = False
116.2689 	EXP 	grating: autoDraw = True
116.2689 	EXP 	grating: tex = 'sin'
116.5687 	EXP 	grating: autoDraw = False
116.6380 	EXP 	window1: recordFrameIntervals = False
116.6405 	DATA 	Keypress: left
116.6525 	EXP 	fixation: autoDraw = False
116.6525 	EXP 	grating: autoDraw = False
116.6525 	EXP 	fixation: autoDraw = True
116.6527 	EXP 	window1: recordFrameIntervals = False
117.6525 	EXP 	fixation: autoDraw = False
118.6367 	EXP 	grating: autoDraw = True
118.6367 	EXP 	grating: tex = 'sin'
118.9365 	EXP 	grating: autoDraw = False
119.1386 	EXP 	window1: recordFrameIntervals = False
119.1411 	DATA 	Keypress: right
119.1533 	EXP 	fixation: autoDraw = False
119.1533 	EXP 	grating: autoDraw = False
119.1533 	EXP 	fixation: autoDraw = True
119.1535 	EXP 	window1: recordFrameIntervals = False
120.1535 	EXP 	fixation: autoDraw = False
121.1379 	EXP 	grating: autoDraw = True
121.1379 	EXP 	grating: tex = 'sin'
121.1902 	EXP 	window1: recordFrameIntervals = False
121.1928 	DATA 	Keypress: left
121.2042 	EXP 	fixation: autoDraw = False
121.2042 	EXP 	grating: autoDraw = False
121.2042 	EXP 	fixation: autoDraw = True
121.2044 	EXP 	window1: recordFrameIntervals = False
122.2043 	EXP 	fixation: autoDraw = False
123.1883 	EXP 	grating: autoDraw = True
123.1883 	EXP 	grating: tex = 'sin'
123.4886 	EXP 	grating: autoDraw = False
123.6740 	EXP 	window1: recordFrameIntervals = False
123.6764 	DATA 	Keypress: right
123.6885 	EXP 	fixation: autoDraw = False
123.6885 	EXP 	grating: autoDraw = False
123.6885 	EXP 	fixation: autoDraw = True
123.6887 	EXP 	window1: recordFrameIntervals = False
124.6885 	EXP 	fixation: autoDraw = False
125.6726 	EXP 	grating: autoDraw = True
125.6726 	EXP 	grating: tex = 'sin'
125.9727 	EXP 	grating: autoDraw = False
129.3097 	EXP 	window1: recordFrameIntervals = False
129.3122 	DATA 	Keypress: left
129.3244 	EXP 	fixation: autoDraw = False
129.3244 	EXP 	grating: autoDraw = False
129.3244 	EXP 	fixation: autoDraw = True
129.3246 	EXP 	window1: recordFrameIntervals = False
130.3240 	EXP 	fixation: autoDraw = False
131.3081 	EXP 	grating: autoDraw = True
131.3081 	EXP 	grating: tex = 'sin'
131.6080 	EXP 	grating: autoDraw = False
131.7102 	EXP 	window1: recordFrameIntervals = False
131.7127 	DATA 	Keypress: left
131.7247 	EXP 	fixation: autoDraw = False
131.7247 	EXP 	grating: autoDraw = False
131.7247 	EXP 	fixation: autoDraw = True
131.7250 	EXP 	window1: recordFrameIntervals = False
132.7252 	EXP 	fixation: autoDraw = False
133.7093 	EXP 	grating: autoDraw = True
133.7093 	EXP 	grating: tex = 'sin'
134.0088 	EXP 	grating: autoDraw = False
134.1614 	EXP 	window1: recordFrameIntervals = False
134.1639 	DATA 	Keypress: left
134.1760 	EXP 	fixation: autoDraw = False
134.1760 	EXP 	grating: autoDraw = False
134.1760 	EXP 	fixation: autoDraw = True
134.1762 	EXP 	window1: recordFrameIntervals = False
135.1758 	EXP 	fixation: autoDraw = False
136.1600 	EXP 	grating: autoDraw = True
136.1600 	EXP 	grating: tex = 'sin'
136.4598 	EXP 	grating: autoDraw = False
136.5789 	EXP 	window1: recordFrameIntervals = False
136.5814 	DATA 	Keypress: right
136.5933 	EXP 	fixation: autoDraw = False
136.5933 	EXP 	grating: autoDraw = False
136.5933 	EXP 	fixation: autoDraw = True
136.5936 	EXP 	window1: recordFrameIntervals = False
137.5940 	EXP 	fixation: autoDraw = False
138.5776 	EXP 	grating: autoDraw = True
138.5776 	EXP 	grating: tex = 'sin'
138.8774 	EXP 	grating: autoDraw = False
139.0800 	EXP 	window1: recordFrameIntervals = False
139.0827 	DATA 	Keypress: right
139.0942 	EXP 	fixation: autoDraw = False
139.0942 	EXP 	grating: autoDraw = False
139.0942 	EXP 	fixation: autoDraw = True
139.0944 	EXP 	window1: recordFrameIntervals = False
140.0944 	EXP 	fixation: autoDraw = False
141.0788 	EXP 	grating: autoDraw = True
141.0788 	EXP 	grating: tex = 'sin'
141.3784 	EXP 	grating: autoDraw = False
141.4313 	DATA 	Keypress: left
141.4476 	EXP 	window1: recordFrameIntervals = False
141.4618 	EXP 	fixation: autoDraw = False
141.4618 	EXP 	grating: autoDraw = False
141.4618 	EXP 	fixation: autoDraw = True
141.4620 	EXP 	window1: recordFrameIntervals = False
142.4619 	EXP 	fixation: autoDraw = False
143.4461 	EXP 	grating: autoDraw = True
143.4461 	EXP 	grating: tex = 'sin'
143.7463 	EXP 	grating: autoDraw = False
143.7820 	EXP 	window1: recordFrameIntervals = False
143.7845 	DATA 	Keypress: left
143.7965 	EXP 	fixation: autoDraw = False
143.7965 	EXP 	grating: autoDraw = False
143.7965 	EXP 	fixation: autoDraw = True
143.7968 	EXP 	window1: recordFrameIntervals = False
144.7962 	EXP 	fixation: autoDraw = False
145.7802 	EXP 	grating: autoDraw = True
145.7802 	EXP 	grating: tex = 'sin'
146.0802 	EXP 	grating: autoDraw = False
146.2160 	EXP 	window1: recordFrameIntervals = False
146.2185 	DATA 	Keypress: right
146.2304 	EXP 	fixation: autoDraw = False
146.2304 	EXP 	grating: autoDraw = False
146.2304 	EXP 	fixation: autoDraw = True
146.2306 	EXP 	window1: recordFrameIntervals = False
147.2307 	EXP 	fixation: autoDraw = False
148.2146 	EXP 	grating: autoDraw = True
148.2146 	EXP 	grating: tex = 'sin'
148.5148 	EXP 	grating: autoDraw = False
148.6333 	DATA 	Keypress: left
148.6503 	EXP 	window1: recordFrameIntervals = False
148.6645 	EXP 	fixation: autoDraw = False
148.6645 	EXP 	grating: autoDraw = False
148.6645 	EXP 	fixation: autoDraw = True
148.6648 	EXP 	window1: recordFrameIntervals = False
149.6648 	EXP 	fixation: autoDraw = False
150.6490 	EXP 	grating: autoDraw = True
150.6490 	EXP 	grating: tex = 'sin'
150.9491 	EXP 	grating: autoDraw = False
150.9678 	EXP 	window1: recordFrameIntervals = False
150.9704 	DATA 	Keypress: left
150.9822 	EXP 	fixation: autoDraw = False
150.9822 	EXP 	grating: autoDraw = False
150.9822 	EXP 	fixation: autoDraw = True
150.9824 	EXP 	window1: recordFrameIntervals = False
151.9824 	EXP 	fixation: autoDraw = False
152.9663 	EXP 	grating: autoDraw = True
152.9663 	EXP 	grating: tex = 'sin'
153.2663 	EXP 	grating: autoDraw = False
153.4187 	EXP 	window1: recordFrameIntervals = False
153.4214 	DATA 	Keypress: right
153.4333 	EXP 	fixation: autoDraw = False
153.4333 	EXP 	grating: autoDraw = False
153.4333 	EXP 	fixation: autoDraw = True
153.4336 	EXP 	window1: recordFrameIntervals = False
154.4334 	EXP 	fixation: autoDraw = False
155.4173 	EXP 	grating: autoDraw = True
155.4173 	EXP 	grating: tex = 'sin'
155.7176 	EXP 	grating: autoDraw = False
155.8699 	EXP 	window1: recordFrameIntervals = False
155.8724 	DATA 	Keypress: left
155.8843 	EXP 	fixation: autoDraw = False
155.8843 	EXP 	grating: autoDraw = False
155.8843 	EXP 	fixation: autoDraw = True
155.8845 	EXP 	window1: recordFrameIntervals = False
156.8844 	EXP 	fixation: autoDraw = False
157.8685 	EXP 	grating: autoDraw = True
157.8685 	EXP 	grating: tex = 'sin'
158.1682 	EXP 	grating: autoDraw = False
158.3873 	EXP 	window1: recordFrameIntervals = False
158.3900 	DATA 	Keypress: right
158.4016 	EXP 	fixation: autoDraw = False
158.4016 	EXP 	grating: autoDraw = False
158.4016 	EXP 	fixation: autoDraw = True
158.4019 	EXP 	window1: recordFrameIntervals = False
159.4018 	EXP 	fixation: autoDraw = False
160.3860 	EXP 	grating: autoDraw = True
160.3860 	EXP 	grating: tex = 'sin'
160.6858 	EXP 	grating: autoDraw = False
160.7556 	EXP 	window1: recordFrameIntervals = False
160.7592 	DATA 	Keypress: right
160.7693 	EXP 	fixation: autoDraw = False
160.7693 	EXP 	grating: autoDraw = False
160.7693 	EXP 	fixation: autoDraw = True
160.7696 	EXP 	window1: recordFrameIntervals = False
161.7696 	EXP 	fixation: autoDraw = False
162.7704 	EXP 	grating: autoDraw = True
162.7704 	EXP 	grating: tex = 'sin'
163.0703 	EXP 	grating: autoDraw = False
163.1555 	EXP 	window1: recordFrameIntervals = False
163.1580 	DATA 	Keypress: right
163.1705 	EXP 	fixation: autoDraw = False
163.1705 	EXP 	grating: autoDraw = False
163.1705 	EXP 	fixation: autoDraw = True
163.1707 	EXP 	window1: recordFrameIntervals = False
164.1702 	EXP 	fixation: autoDraw = False
165.1543 	EXP 	grating: autoDraw = True
165.1543 	EXP 	grating: tex = 'sin'
165.4542 	EXP 	grating: autoDraw = False
165.5281 	EXP 	window1: recordFrameIntervals = False
165.5302 	DATA 	Keypress: right
165.5325 	EXP 	fixation: autoDraw = False
165.5325 	EXP 	grating: autoDraw = False
165.5325 	EXP 	fixation: autoDraw = True
165.5326 	EXP 	window1: recordFrameIntervals = False
166.5182 	EXP 	fixation: autoDraw = False
167.5387 	EXP 	grating: autoDraw = True
167.5387 	EXP 	grating: tex = 'sin'
167.8384 	EXP 	grating: autoDraw = False
167.9571 	EXP 	window1: recordFrameIntervals = False
167.9590 	DATA 	Keypress: left
167.9721 	EXP 	fixation: autoDraw = False
167.9721 	EXP 	grating: autoDraw = False
167.9721 	EXP 	fixation: autoDraw = True
167.9723 	EXP 	window1: recordFrameIntervals = False
168.9721 	EXP 	fixation: autoDraw = False
169.9565 	EXP 	grating: autoDraw = True
169.9565 	EXP 	grating: tex = 'sin'
170.2560 	EXP 	grating: autoDraw = False
170.4750 	EXP 	window1: recordFrameIntervals = False
170.4775 	DATA 	Keypress: right
170.4897 	EXP 	fixation: autoDraw = False
170.4897 	EXP 	grating: autoDraw = False
170.4897 	EXP 	fixation: autoDraw = True
170.4899 	EXP 	window1: recordFrameIntervals = False
171.4897 	EXP 	fixation: autoDraw = False
172.4739 	EXP 	grating: autoDraw = True
172.4739 	EXP 	grating: tex = 'sin'
172.7737 	EXP 	grating: autoDraw = False
172.9274 	EXP 	window1: recordFrameIntervals = False
172.9310 	DATA 	Keypress: right
172.9405 	EXP 	fixation: autoDraw = False
172.9405 	EXP 	grating: autoDraw = False
172.9405 	EXP 	fixation: autoDraw = True
172.9408 	EXP 	window1: recordFrameIntervals = False
173.9408 	EXP 	fixation: autoDraw = False
174.9426 	EXP 	grating: autoDraw = True
174.9426 	EXP 	grating: tex = 'sin'
175.2581 	EXP 	grating: autoDraw = False
175.3101 	EXP 	window1: recordFrameIntervals = False
175.3126 	DATA 	Keypress: left
175.3252 	EXP 	fixation: autoDraw = False
175.3252 	EXP 	grating: autoDraw = False
175.3252 	EXP 	fixation: autoDraw = True
175.3254 	EXP 	window1: recordFrameIntervals = False
176.3250 	EXP 	fixation: autoDraw = False
177.3090 	EXP 	grating: autoDraw = True
177.3090 	EXP 	grating: tex = 'sin'
177.6089 	EXP 	grating: autoDraw = False
177.6944 	EXP 	window1: recordFrameIntervals = False
177.6971 	DATA 	Keypress: left
177.7091 	EXP 	fixation: autoDraw = False
177.7091 	EXP 	grating: autoDraw = False
177.7091 	EXP 	fixation: autoDraw = True
177.7093 	EXP 	window1: recordFrameIntervals = False
178.7091 	EXP 	fixation: autoDraw = False
179.6936 	EXP 	grating: autoDraw = True
179.6936 	EXP 	grating: tex = 'sin'
179.9933 	EXP 	grating: autoDraw = False
180.3624 	EXP 	window1: recordFrameIntervals = False
180.3648 	DATA 	Keypress: right
180.3771 	EXP 	fixation: autoDraw = False
180.3771 	EXP 	grating: autoDraw = False
180.3771 	EXP 	fixation: autoDraw = True
180.3773 	EXP 	window1: recordFrameIntervals = False
181.1472 	DATA 	Keypress: left
181.3769 	EXP 	fixation: autoDraw = False
182.3611 	EXP 	grating: autoDraw = True
182.3611 	EXP 	grating: tex = 'sin'
182.6608 	EXP 	grating: autoDraw = False
182.7800 	EXP 	window1: recordFrameIntervals = False
182.7827 	DATA 	Keypress: right
182.7943 	EXP 	fixation: autoDraw = False
182.7943 	EXP 	grating: autoDraw = False
182.7943 	EXP 	fixation: autoDraw = True
182.7945 	EXP 	window1: recordFrameIntervals = False
183.7945 	EXP 	fixation: autoDraw = False
184.7785 	EXP 	grating: autoDraw = True
184.7785 	EXP 	grating: tex = 'sin'
185.0784 	EXP 	grating: autoDraw = False
185.3474 	EXP 	window1: recordFrameIntervals = False
185.3500 	DATA 	Keypress: right
185.3619 	EXP 	fixation: autoDraw = False
185.3619 	EXP 	grating: autoDraw = False
185.3619 	EXP 	fixation: autoDraw = True
185.3621 	EXP 	window1: recordFrameIntervals = False
186.3620 	EXP 	fixation: autoDraw = False
187.3465 	EXP 	grating: autoDraw = True
187.3465 	EXP 	grating: tex = 'sin'
187.6461 	EXP 	grating: autoDraw = False
187.7491 	EXP 	window1: recordFrameIntervals = False
187.7520 	DATA 	Keypress: left
187.7630 	EXP 	fixation: autoDraw = False
187.7630 	EXP 	grating: autoDraw = False
187.7630 	EXP 	fixation: autoDraw = True
187.7633 	EXP 	window1: recordFrameIntervals = False
188.7631 	EXP 	fixation: autoDraw = False
189.7639 	EXP 	grating: autoDraw = True
189.7639 	EXP 	grating: tex = 'sin'
190.0637 	EXP 	grating: autoDraw = False
190.4494 	EXP 	window1: recordFrameIntervals = False
190.4519 	DATA 	Keypress: right
190.4640 	EXP 	fixation: autoDraw = False
190.4640 	EXP 	grating: autoDraw = False
190.4640 	EXP 	fixation: autoDraw = True
190.4642 	EXP 	window1: recordFrameIntervals = False
191.4638 	EXP 	fixation: autoDraw = False
192.4484 	EXP 	grating: autoDraw = True
192.4484 	EXP 	grating: tex = 'sin'
192.7482 	EXP 	grating: autoDraw = False
192.8671 	EXP 	window1: recordFrameIntervals = False
192.8697 	DATA 	Keypress: right
192.8818 	EXP 	fixation: autoDraw = False
192.8818 	EXP 	grating: autoDraw = False
192.8818 	EXP 	fixation: autoDraw = True
192.8821 	EXP 	window1: recordFrameIntervals = False
193.8816 	EXP 	fixation: autoDraw = False
194.8660 	EXP 	grating: autoDraw = True
194.8660 	EXP 	grating: tex = 'sin'
195.1659 	EXP 	grating: autoDraw = False
195.2679 	DATA 	Keypress: left
195.2845 	EXP 	window1: recordFrameIntervals = False
195.2994 	EXP 	fixation: autoDraw = False
195.2994 	EXP 	grating: autoDraw = False
195.2994 	EXP 	fixation: autoDraw = True
195.2996 	EXP 	window1: recordFrameIntervals = False
196.2996 	EXP 	fixation: autoDraw = False
197.2832 	EXP 	grating: autoDraw = True
197.2832 	EXP 	grating: tex = 'sin'
197.5832 	EXP 	grating: autoDraw = False
197.7193 	EXP 	window1: recordFrameIntervals = False
197.7220 	DATA 	Keypress: left
197.7334 	EXP 	fixation: autoDraw = False
197.7334 	EXP 	grating: autoDraw = False
197.7334 	EXP 	fixation: autoDraw = True
197.7336 	EXP 	window1: recordFrameIntervals = False
198.7335 	EXP 	fixation: autoDraw = False
199.7342 	EXP 	grating: autoDraw = True
199.7342 	EXP 	grating: tex = 'sin'
200.0341 	EXP 	grating: autoDraw = False
200.0864 	EXP 	window1: recordFrameIntervals = False
200.0888 	DATA 	Keypress: right
200.1009 	EXP 	fixation: autoDraw = False
200.1009 	EXP 	grating: autoDraw = False
200.1009 	EXP 	fixation: autoDraw = True
200.1011 	EXP 	window1: recordFrameIntervals = False
201.1010 	EXP 	fixation: autoDraw = False
202.0855 	EXP 	grating: autoDraw = True
202.0855 	EXP 	grating: tex = 'sin'
202.3850 	EXP 	grating: autoDraw = False
202.5373 	EXP 	window1: recordFrameIntervals = False
202.5398 	DATA 	Keypress: right
202.5519 	EXP 	fixation: autoDraw = False
202.5519 	EXP 	grating: autoDraw = False
202.5519 	EXP 	fixation: autoDraw = True
202.5521 	EXP 	window1: recordFrameIntervals = False
203.5522 	EXP 	fixation: autoDraw = False
204.5361 	EXP 	grating: autoDraw = True
204.5361 	EXP 	grating: tex = 'sin'
204.8363 	EXP 	grating: autoDraw = False
205.1055 	EXP 	window1: recordFrameIntervals = False
205.1079 	DATA 	Keypress: left
205.1195 	EXP 	fixation: autoDraw = False
205.1195 	EXP 	grating: autoDraw = False
205.1195 	EXP 	fixation: autoDraw = True
205.1197 	EXP 	window1: recordFrameIntervals = False
206.1195 	EXP 	fixation: autoDraw = False
207.1204 	EXP 	grating: autoDraw = True
207.1204 	EXP 	grating: tex = 'sin'
207.4202 	EXP 	grating: autoDraw = False
207.5227 	EXP 	window1: recordFrameIntervals = False
207.5252 	DATA 	Keypress: right
207.5369 	EXP 	fixation: autoDraw = False
207.5369 	EXP 	grating: autoDraw = False
207.5369 	EXP 	fixation: autoDraw = True
207.5372 	EXP 	window1: recordFrameIntervals = False
208.5373 	EXP 	fixation: autoDraw = False
209.5212 	EXP 	grating: autoDraw = True
209.5212 	EXP 	grating: tex = 'sin'
209.8212 	EXP 	grating: autoDraw = False
209.9236 	EXP 	window1: recordFrameIntervals = False
209.9262 	DATA 	Keypress: left
209.9381 	EXP 	fixation: autoDraw = False
209.9381 	EXP 	grating: autoDraw = False
209.9381 	EXP 	fixation: autoDraw = True
209.9383 	EXP 	window1: recordFrameIntervals = False
210.9380 	EXP 	fixation: autoDraw = False
211.9220 	EXP 	grating: autoDraw = True
211.9220 	EXP 	grating: tex = 'sin'
212.2221 	EXP 	grating: autoDraw = False
212.3740 	EXP 	window1: recordFrameIntervals = False
212.3766 	DATA 	Keypress: left
212.3892 	EXP 	fixation: autoDraw = False
212.3892 	EXP 	grating: autoDraw = False
212.3892 	EXP 	fixation: autoDraw = True
212.3896 	EXP 	window1: recordFrameIntervals = False
213.3891 	EXP 	fixation: autoDraw = False
214.3731 	EXP 	grating: autoDraw = True
214.3731 	EXP 	grating: tex = 'sin'
214.6733 	EXP 	grating: autoDraw = False
218.7269 	EXP 	window1: recordFrameIntervals = False
218.7294 	DATA 	Keypress: left
218.7417 	EXP 	fixation: autoDraw = False
218.7417 	EXP 	grating: autoDraw = False
218.7417 	EXP 	fixation: autoDraw = True
218.7420 	EXP 	window1: recordFrameIntervals = False
219.7414 	EXP 	fixation: autoDraw = False
220.7255 	EXP 	grating: autoDraw = True
220.7255 	EXP 	grating: tex = 'sin'
221.0255 	EXP 	grating: autoDraw = False
221.2282 	EXP 	window1: recordFrameIntervals = False
221.2306 	DATA 	Keypress: right
221.2425 	EXP 	fixation: autoDraw = False
221.2425 	EXP 	grating: autoDraw = False
221.2425 	EXP 	fixation: autoDraw = True
221.2427 	EXP 	window1: recordFrameIntervals = False
222.2425 	EXP 	fixation: autoDraw = False
223.2265 	EXP 	grating: autoDraw = True
223.2265 	EXP 	grating: tex = 'sin'
223.5268 	EXP 	grating: autoDraw = False
223.8456 	EXP 	window1: recordFrameIntervals = False
223.8481 	DATA 	Keypress: left
223.8601 	EXP 	fixation: autoDraw = False
223.8601 	EXP 	grating: autoDraw = False
223.8601 	EXP 	fixation: autoDraw = True
223.8603 	EXP 	window1: recordFrameIntervals = False
224.8601 	EXP 	fixation: autoDraw = False
225.8441 	EXP 	grating: autoDraw = True
225.8441 	EXP 	grating: tex = 'sin'
226.1441 	EXP 	grating: autoDraw = False
226.2795 	EXP 	window1: recordFrameIntervals = False
226.2822 	DATA 	Keypress: right
226.2945 	EXP 	fixation: autoDraw = False
226.2945 	EXP 	grating: autoDraw = False
226.2945 	EXP 	fixation: autoDraw = True
226.2948 	EXP 	window1: recordFrameIntervals = False
227.2943 	EXP 	fixation: autoDraw = False
228.2785 	EXP 	grating: autoDraw = True
228.2785 	EXP 	grating: tex = 'sin'
228.5785 	EXP 	grating: autoDraw = False
228.8485 	EXP 	window1: recordFrameIntervals = False
228.8509 	DATA 	Keypress: left
228.8622 	EXP 	fixation: autoDraw = False
228.8622 	EXP 	grating: autoDraw = False
228.8622 	EXP 	fixation: autoDraw = True
228.8625 	EXP 	window1: recordFrameIntervals = False
229.8620 	EXP 	fixation: autoDraw = False
230.8627 	EXP 	grating: autoDraw = True
230.8627 	EXP 	grating: tex = 'sin'
231.1626 	EXP 	grating: autoDraw = False
231.3154 	EXP 	window1: recordFrameIntervals = False
231.3183 	DATA 	Keypress: right
231.3296 	EXP 	fixation: autoDraw = False
231.3296 	EXP 	grating: autoDraw = False
231.3296 	EXP 	fixation: autoDraw = True
231.3299 	EXP 	window1: recordFrameIntervals = False
232.3299 	EXP 	fixation: autoDraw = False
233.3140 	EXP 	grating: autoDraw = True
233.3140 	EXP 	grating: tex = 'sin'
233.6135 	EXP 	grating: autoDraw = False
233.8158 	EXP 	window1: recordFrameIntervals = False
233.8182 	DATA 	Keypress: left
233.8306 	EXP 	fixation: autoDraw = False
233.8306 	EXP 	grating: autoDraw = False
233.8306 	EXP 	fixation: autoDraw = True
233.8308 	EXP 	window1: recordFrameIntervals = False
234.8305 	EXP 	fixation: autoDraw = False
235.8149 	EXP 	grating: autoDraw = True
235.8149 	EXP 	grating: tex = 'sin'
236.1145 	EXP 	grating: autoDraw = False
236.3501 	EXP 	window1: recordFrameIntervals = False
236.3526 	DATA 	Keypress: left
236.3650 	EXP 	fixation: autoDraw = False
236.3650 	EXP 	grating: autoDraw = False
236.3650 	EXP 	fixation: autoDraw = True
236.3653 	EXP 	window1: recordFrameIntervals = False
237.3654 	EXP 	fixation: autoDraw = False
238.3489 	EXP 	grating: autoDraw = True
238.3489 	EXP 	grating: tex = 'sin'
238.6490 	EXP 	grating: autoDraw = False
238.7179 	EXP 	window1: recordFrameIntervals = False
238.7203 	DATA 	Keypress: left
238.7324 	EXP 	fixation: autoDraw = False
238.7324 	EXP 	grating: autoDraw = False
238.7324 	EXP 	fixation: autoDraw = True
238.7326 	EXP 	window1: recordFrameIntervals = False
239.7324 	EXP 	fixation: autoDraw = False
240.7166 	EXP 	grating: autoDraw = True
240.7166 	EXP 	grating: tex = 'sin'
241.0165 	EXP 	grating: autoDraw = False
241.1688 	EXP 	window1: recordFrameIntervals = False
241.1712 	DATA 	Keypress: right
241.1832 	EXP 	fixation: autoDraw = False
241.1832 	EXP 	grating: autoDraw = False
241.1832 	EXP 	fixation: autoDraw = True
241.1835 	EXP 	window1: recordFrameIntervals = False
242.1834 	EXP 	fixation: autoDraw = False
243.1677 	EXP 	grating: autoDraw = True
243.1677 	EXP 	grating: tex = 'sin'
243.4673 	EXP 	grating: autoDraw = False
243.9197 	EXP 	window1: recordFrameIntervals = False
243.9222 	DATA 	Keypress: left
243.9346 	EXP 	fixation: autoDraw = False
243.9346 	EXP 	grating: autoDraw = False
243.9346 	EXP 	fixation: autoDraw = True
243.9348 	EXP 	window1: recordFrameIntervals = False
244.9345 	EXP 	fixation: autoDraw = False
245.9184 	EXP 	grating: autoDraw = True
245.9184 	EXP 	grating: tex = 'sin'
246.2184 	EXP 	grating: autoDraw = False
246.4045 	EXP 	window1: recordFrameIntervals = False
246.4070 	DATA 	Keypress: right
246.4185 	EXP 	fixation: autoDraw = False
246.4185 	EXP 	grating: autoDraw = False
246.4185 	EXP 	fixation: autoDraw = True
246.4187 	EXP 	window1: recordFrameIntervals = False
247.4187 	EXP 	fixation: autoDraw = False
248.4034 	EXP 	grating: autoDraw = True
248.4034 	EXP 	grating: tex = 'sin'
248.7030 	EXP 	grating: autoDraw = False
249.0056 	EXP 	window1: recordFrameIntervals = False
249.0080 	DATA 	Keypress: right
249.0199 	EXP 	fixation: autoDraw = False
249.0199 	EXP 	grating: autoDraw = False
249.0199 	EXP 	fixation: autoDraw = True
249.0202 	EXP 	window1: recordFrameIntervals = False
250.0199 	EXP 	fixation: autoDraw = False
251.0036 	EXP 	grating: autoDraw = True
251.0036 	EXP 	grating: tex = 'sin'
251.3036 	EXP 	grating: autoDraw = False
251.5729 	EXP 	window1: recordFrameIntervals = False
251.5754 	DATA 	Keypress: right
251.5873 	EXP 	fixation: autoDraw = False
251.5873 	EXP 	grating: autoDraw = False
251.5873 	EXP 	fixation: autoDraw = True
251.5875 	EXP 	window1: recordFrameIntervals = False
252.5874 	EXP 	fixation: autoDraw = False
253.5716 	EXP 	grating: autoDraw = True
253.5716 	EXP 	grating: tex = 'sin'
253.8713 	EXP 	grating: autoDraw = False
253.9572 	EXP 	window1: recordFrameIntervals = False
253.9597 	DATA 	Keypress: left
253.9717 	EXP 	fixation: autoDraw = False
253.9717 	EXP 	grating: autoDraw = False
253.9717 	EXP 	fixation: autoDraw = True
253.9720 	EXP 	window1: recordFrameIntervals = False
254.9717 	EXP 	fixation: autoDraw = False
255.9557 	EXP 	grating: autoDraw = True
255.9557 	EXP 	grating: tex = 'sin'
256.2555 	EXP 	grating: autoDraw = False
256.3410 	EXP 	window1: recordFrameIntervals = False
256.3435 	DATA 	Keypress: right
256.3557 	EXP 	fixation: autoDraw = False
256.3557 	EXP 	grating: autoDraw = False
256.3557 	EXP 	fixation: autoDraw = True
256.3559 	EXP 	window1: recordFrameIntervals = False
257.3559 	EXP 	fixation: autoDraw = False
258.3403 	EXP 	grating: autoDraw = True
258.3403 	EXP 	grating: tex = 'sin'
258.6399 	EXP 	grating: autoDraw = False
258.9754 	EXP 	window1: recordFrameIntervals = False
258.9781 	DATA 	Keypress: left
258.9902 	EXP 	fixation: autoDraw = False
258.9902 	EXP 	grating: autoDraw = False
258.9902 	EXP 	fixation: autoDraw = True
258.9904 	EXP 	window1: recordFrameIntervals = False
259.9904 	EXP 	fixation: autoDraw = False
260.9745 	EXP 	grating: autoDraw = True
260.9745 	EXP 	grating: tex = 'sin'
261.2744 	EXP 	grating: autoDraw = False
263.3940 	EXP 	window1: recordFrameIntervals = False
263.3958 	DATA 	Keypress: left
263.4086 	EXP 	fixation: autoDraw = False
263.4086 	EXP 	grating: autoDraw = False
263.4086 	EXP 	fixation: autoDraw = True
263.4087 	EXP 	window1: recordFrameIntervals = False
264.4085 	EXP 	fixation: autoDraw = False
265.3923 	EXP 	grating: autoDraw = True
265.3923 	EXP 	grating: tex = 'sin'
265.6924 	EXP 	grating: autoDraw = False
266.0276 	EXP 	window1: recordFrameIntervals = False
266.0295 	DATA 	Keypress: left
266.0431 	EXP 	fixation: autoDraw = False
266.0431 	EXP 	grating: autoDraw = False
266.0431 	EXP 	fixation: autoDraw = True
266.0434 	EXP 	window1: recordFrameIntervals = False
267.0430 	EXP 	fixation: autoDraw = False
268.0269 	EXP 	grating: autoDraw = True
268.0269 	EXP 	grating: tex = 'sin'
268.3269 	EXP 	grating: autoDraw = False
268.5459 	EXP 	window1: recordFrameIntervals = False
268.5484 	DATA 	Keypress: right
268.5605 	EXP 	fixation: autoDraw = False
268.5605 	EXP 	grating: autoDraw = False
268.5605 	EXP 	fixation: autoDraw = True
268.5607 	EXP 	window1: recordFrameIntervals = False
269.5607 	EXP 	fixation: autoDraw = False
270.5443 	EXP 	grating: autoDraw = True
270.5443 	EXP 	grating: tex = 'sin'
270.8445 	EXP 	grating: autoDraw = False
271.0128 	EXP 	window1: recordFrameIntervals = False
271.0149 	DATA 	Keypress: left
271.0277 	EXP 	fixation: autoDraw = False
271.0277 	EXP 	grating: autoDraw = False
271.0277 	EXP 	fixation: autoDraw = True
271.0279 	EXP 	window1: recordFrameIntervals = False
272.0279 	EXP 	fixation: autoDraw = False
273.0119 	EXP 	grating: autoDraw = True
273.0119 	EXP 	grating: tex = 'sin'
273.3119 	EXP 	grating: autoDraw = False
273.4299 	EXP 	window1: recordFrameIntervals = False
273.4312 	DATA 	Keypress: right
273.4453 	EXP 	fixation: autoDraw = False
273.4453 	EXP 	grating: autoDraw = False
273.4453 	EXP 	fixation: autoDraw = True
273.4455 	EXP 	window1: recordFrameIntervals = False
274.4456 	EXP 	fixation: autoDraw = False
275.4295 	EXP 	grating: autoDraw = True
275.4295 	EXP 	grating: tex = 'sin'
275.7297 	EXP 	grating: autoDraw = False
275.8645 	EXP 	window1: recordFrameIntervals = False
275.8660 	DATA 	Keypress: right
275.8798 	EXP 	fixation: autoDraw = False
275.8798 	EXP 	grating: autoDraw = False
275.8798 	EXP 	fixation: autoDraw = True
275.8799 	EXP 	window1: recordFrameIntervals = False
276.8797 	EXP 	fixation: autoDraw = False
277.8642 	EXP 	grating: autoDraw = True
277.8642 	EXP 	grating: tex = 'sin'
278.1318 	EXP 	window1: recordFrameIntervals = False
278.1332 	DATA 	Keypress: left
278.1479 	EXP 	fixation: autoDraw = False
278.1479 	EXP 	grating: autoDraw = False
278.1479 	EXP 	fixation: autoDraw = True
278.1480 	EXP 	window1: recordFrameIntervals = False
279.1474 	EXP 	fixation: autoDraw = False
280.1315 	EXP 	grating: autoDraw = True
280.1315 	EXP 	grating: tex = 'sin'
280.4312 	EXP 	grating: autoDraw = False
282.8342 	EXP 	window1: recordFrameIntervals = False
282.8358 	DATA 	Keypress: left
282.8489 	EXP 	fixation: autoDraw = False
282.8489 	EXP 	grating: autoDraw = False
282.8489 	EXP 	fixation: autoDraw = True
282.8491 	EXP 	window1: recordFrameIntervals = False
283.8490 	EXP 	fixation: autoDraw = False
284.8331 	EXP 	grating: autoDraw = True
284.8331 	EXP 	grating: tex = 'sin'
285.1331 	EXP 	grating: autoDraw = False
285.2349 	EXP 	window1: recordFrameIntervals = False
285.2362 	DATA 	Keypress: right
285.2499 	EXP 	fixation: autoDraw = False
285.2499 	EXP 	grating: autoDraw = False
285.2499 	EXP 	fixation: autoDraw = True
285.2500 	EXP 	window1: recordFrameIntervals = False
286.2500 	EXP 	fixation: autoDraw = False
287.2340 	EXP 	grating: autoDraw = True
287.2340 	EXP 	grating: tex = 'sin'
287.5339 	EXP 	grating: autoDraw = False
287.6855 	EXP 	window1: recordFrameIntervals = False
287.6870 	DATA 	Keypress: left
287.7009 	EXP 	fixation: autoDraw = False
287.7009 	EXP 	grating: autoDraw = False
287.7009 	EXP 	fixation: autoDraw = True
287.7010 	EXP 	window1: recordFrameIntervals = False
288.7010 	EXP 	fixation: autoDraw = False
289.6850 	EXP 	grating: autoDraw = True
289.6850 	EXP 	grating: tex = 'sin'
289.9850 	EXP 	grating: autoDraw = False
290.4866 	EXP 	window1: recordFrameIntervals = False
290.4882 	DATA 	Keypress: left
290.5018 	EXP 	fixation: autoDraw = False
290.5018 	EXP 	grating: autoDraw = False
290.5018 	EXP 	fixation: autoDraw = True
290.5020 	EXP 	window1: recordFrameIntervals = False
291.2700 	DATA 	Keypress: right
291.5022 	EXP 	fixation: autoDraw = False
292.4862 	EXP 	grating: autoDraw = True
292.4862 	EXP 	grating: tex = 'sin'
292.7859 	EXP 	grating: autoDraw = False
292.9224 	EXP 	window1: recordFrameIntervals = False
292.9254 	DATA 	Keypress: left
292.9364 	EXP 	fixation: autoDraw = False
292.9364 	EXP 	grating: autoDraw = False
292.9364 	EXP 	fixation: autoDraw = True
292.9367 	EXP 	window1: recordFrameIntervals = False
293.9365 	EXP 	fixation: autoDraw = False
294.9369 	EXP 	grating: autoDraw = True
294.9369 	EXP 	grating: tex = 'sin'
295.2370 	EXP 	grating: autoDraw = False
299.8072 	EXP 	window1: recordFrameIntervals = False
299.8089 	DATA 	Keypress: left
299.8221 	EXP 	fixation: autoDraw = False
299.8221 	EXP 	grating: autoDraw = False
299.8221 	EXP 	fixation: autoDraw = True
299.8223 	EXP 	window1: recordFrameIntervals = False
300.8222 	EXP 	fixation: autoDraw = False
301.8063 	EXP 	grating: autoDraw = True
301.8063 	EXP 	grating: tex = 'sin'
302.1064 	EXP 	grating: autoDraw = False
302.2915 	EXP 	window1: recordFrameIntervals = False
302.2930 	DATA 	Keypress: left
302.3064 	EXP 	fixation: autoDraw = False
302.3064 	EXP 	grating: autoDraw = False
302.3064 	EXP 	fixation: autoDraw = True
302.3065 	EXP 	window1: recordFrameIntervals = False
303.3067 	EXP 	fixation: autoDraw = False
304.2906 	EXP 	grating: autoDraw = True
304.2906 	EXP 	grating: tex = 'sin'
304.5906 	EXP 	grating: autoDraw = False
305.4425 	DATA 	Keypress: left
305.4575 	EXP 	fixation: autoDraw = False
305.4575 	EXP 	grating: autoDraw = False
305.6511 	EXP 	window1: mouseVisible = True
